[
{"Message"              : "Skipping: Eap method DLL path validation failed. Error: typeId=254, authorId=311,vendorId=14122,vendorType=1",
"Id"                   : 1001,
"UserId"               : "S-1-1-11",
"MachineName"          : "LTP-O-111111.MLCORP.NET",
"Version"              : 0,
"Qualifiers"           : 3,
"Level"                : 2,
"Task"                 : 2,
"Opcode"               : 0,
"Keywords"             : -9223372036854775807,
"RecordId"             : 320798,
"ProviderName"         : "Microsoft-Windows-EapHost",
"ProviderId"           : "6eb8db94-fe96-443f-a366-5fe0cee7fb1c",
"LogName"              : "Application",
"ProcessId"            : 10384,
"ThreadId"             : 11860,
"TimeCreated"          : "2/19/2019 10:50:38 AM",
"ActivityId"           : 3,
"RelatedActivityId"    : 3,
"ContainerLog"         : "application",
"MatchedQueryIds"      : "{}",
"Bookmark"             : "System.Diagnostics.Eventing.Reader.EventBookmark",
"LevelDisplayName"     : "Error",
"OpcodeDisplayName"    : "Info",
"TaskDisplayName"      : "Peer",
"KeywordsDisplayNames" : "{Registry}",
"Properties"           : "{System.Diagnostics.Eventing.Reader.EventProperty, System.Diagnostics.Eventing.Reader.EventProperty,System.Diagnostics.Eventing.Reader.EventProperty,System.Diagnostics.Eventing.Reader.EventProperty}"
},
{"Message"              : "Skipping: Eap method DLL path validation failed. Error: typeId=254, authorId=311,vendorId=14122,vendorType=1",
"Id"                   : 1001,
"UserId"               : "S-1-1-11",
"MachineName"          : "LTP-O-111111.MLCORP.NET",
"Version"              : 0,
"Qualifiers"           : 3,
"Level"                : 2,
"Task"                 : 2,
"Opcode"               : 0,
"Keywords"             : -9223372036854775807,
"RecordId"             : 320798,
"ProviderName"         : "Microsoft-Windows-EapHost",
"ProviderId"           : "6eb8db94-fe96-443f-a366-5fe0cee7fb1c",
"LogName"              : "Application",
"ProcessId"            : 10384,
"ThreadId"             : 11860,
"TimeCreated"          : "2/19/2019 10:50:38 AM",
"ActivityId"           : 3,
"RelatedActivityId"    : 3,
"ContainerLog"         : "application",
"MatchedQueryIds"      : "{}",
"Bookmark"             : "System.Diagnostics.Eventing.Reader.EventBookmark",
"LevelDisplayName"     : "Error",
"OpcodeDisplayName"    : "Info",
"TaskDisplayName"      : "Peer",
"KeywordsDisplayNames" : "{Registry}",
"Properties"           : "{System.Diagnostics.Eventing.Reader.EventProperty, System.Diagnostics.Eventing.Reader.EventProperty,System.Diagnostics.Eventing.Reader.EventProperty,System.Diagnostics.Eventing.Reader.EventProperty}"
},{"Message"              : "Skipping: Eap method DLL path validation failed. Error: typeId=254, authorId=311,vendorId=14122,vendorType=1",
"Id"                   : 2002,
"UserId"               : "S-1-5-18",
"MachineName"          : "LTP-O-100330.MLCORP.NET",
"Version"              : 0,
"Qualifiers"           : 3,
"Level"                : 2,
"Task"                 : 2,
"Opcode"               : 0,
"Keywords"             : -9223372036854775807,
"RecordId"             : 320798,
"ProviderName"         : "Microsoft-Windows-EapHost",
"ProviderId"           : "6eb8db94-fe96-443f-a366-5fe0cee7fb1c",
"LogName"              : "Application",
"ProcessId"            : 10384,
"ThreadId"             : 11860,
"TimeCreated"          : "2/19/2019 10:50:38 AM",
"ActivityId"           : 3,
"RelatedActivityId"    : 3,
"ContainerLog"         : "application",
"MatchedQueryIds"      : "{}",
"Bookmark"             : "System.Diagnostics.Eventing.Reader.EventBookmark",
"LevelDisplayName"     : "Error",
"OpcodeDisplayName"    : "Info",
"TaskDisplayName"      : "Peer",
"KeywordsDisplayNames" : "{Registry}",
"Properties"           : "{System.Diagnostics.Eventing.Reader.EventProperty, System.Diagnostics.Eventing.Reader.EventProperty,System.Diagnostics.Eventing.Reader.EventProperty,System.Diagnostics.Eventing.Reader.EventProperty}"
},
{"Message"              : "Skipping: Eap method DLL path validation failed. Error: typeId=254, authorId=311,vendorId=14122,vendorType=1",
"Id"                   : 2000,
"UserId"               : "S-2-5-18",
"MachineName"          : "LTA-O-100330.MLCORP.NET",
"Version"              : 0,
"Qualifiers"           : 3,
"Level"                : 2,
"Task"                 : 2,
"Opcode"               : 0,
"Keywords"             : -9223372036854775807,
"RecordId"             : 320798,
"ProviderName"         : "Microsoft-Windows-EapHost",
"ProviderId"           : "6eb8db94-fe96-443f-a366-5fe0cee7fb1c",
"LogName"              : "Application",
"ProcessId"            : 10384,
"ThreadId"             : 11860,
"TimeCreated"          : "2/19/2019 10:50:38 AM",
"ActivityId"           : 3,
"RelatedActivityId"    : 3,
"ContainerLog"         : "application",
"MatchedQueryIds"      : "{}",
"Bookmark"             : "System.Diagnostics.Eventing.Reader.EventBookmark",
"LevelDisplayName"     : "Error",
"OpcodeDisplayName"    : "Info",
"TaskDisplayName"      : "Peer",
"KeywordsDisplayNames" : "{Registry}",
"Properties"           : "{System.Diagnostics.Eventing.Reader.EventProperty, System.Diagnostics.Eventing.Reader.EventProperty,System.Diagnostics.Eventing.Reader.EventProperty,System.Diagnostics.Eventing.Reader.EventProperty}"
},
{"Message"              : "Skipping: Eap method DLL path validation failed. Error: typeId=254, authorId=311,vendorId=14122,vendorType=1",
"Id"                   : 1002,
"UserId"               : "S-1-5-10",
"MachineName"          : "LTP-O-101330.MLCORP.NET",
"Version"              : 0,
"Qualifiers"           : 3,
"Level"                : 2,
"Task"                 : 2,
"Opcode"               : 0,
"Keywords"             : -9223372036854775807,
"RecordId"             : 320798,
"ProviderName"         : "Microsoft-Windows-EapHost",
"ProviderId"           : "6eb8db94-fe96-443f-a366-5fe0cee7fb1c",
"LogName"              : "Application",
"ProcessId"            : 10384,
"ThreadId"             : 11860,
"TimeCreated"          : "2/19/2019 10:50:38 AM",
"ActivityId"           : 3,
"RelatedActivityId"    : 3,
"ContainerLog"         : "application",
"MatchedQueryIds"      : "{}",
"Bookmark"             : "System.Diagnostics.Eventing.Reader.EventBookmark",
"LevelDisplayName"     : "Error",
"OpcodeDisplayName"    : "Info",
"TaskDisplayName"      : "Peer",
"KeywordsDisplayNames" : "{Registry}",
"Properties"           : "{System.Diagnostics.Eventing.Reader.EventProperty, System.Diagnostics.Eventing.Reader.EventProperty,System.Diagnostics.Eventing.Reader.EventProperty,System.Diagnostics.Eventing.Reader.EventProperty}"
},
{"Message"              : "Skipping: Eap method DLL path validation failed. Error: typeId=254, authorId=311,vendorId=14122,vendorType=1",
"Id"                   : 1001,
"UserId"               : "S-1-1-11",
"MachineName"          : "LTP-O-111111.MLCORP.NET",
"Version"              : 0,
"Qualifiers"           : 3,
"Level"                : 2,
"Task"                 : 2,
"Opcode"               : 0,
"Keywords"             : -9223372036854775807,
"RecordId"             : 320798,
"ProviderName"         : "Microsoft-Windows-EapHost",
"ProviderId"           : "6eb8db94-fe96-443f-a366-5fe0cee7fb1c",
"LogName"              : "Application",
"ProcessId"            : 10384,
"ThreadId"             : 11860,
"TimeCreated"          : "2/19/2019 10:50:38 AM",
"ActivityId"           : 3,
"RelatedActivityId"    : 3,
"ContainerLog"         : "application",
"MatchedQueryIds"      : "{}",
"Bookmark"             : "System.Diagnostics.Eventing.Reader.EventBookmark",
"LevelDisplayName"     : "Error",
"OpcodeDisplayName"    : "Info",
"TaskDisplayName"      : "Peer",
"KeywordsDisplayNames" : "{Registry}",
"Properties"           : "{System.Diagnostics.Eventing.Reader.EventProperty, System.Diagnostics.Eventing.Reader.EventProperty,System.Diagnostics.Eventing.Reader.EventProperty,System.Diagnostics.Eventing.Reader.EventProperty}"
},
{"Message"              : "Skipping: Eap method DLL path validation failed. Error: typeId=254, authorId=311,vendorId=14122,vendorType=1",
"Id"                   : 1001,
"UserId"               : "S-1-1-11",
"MachineName"          : "LTP-O-111111.MLCORP.NET",
"Version"              : 0,
"Qualifiers"           : 3,
"Level"                : 2,
"Task"                 : 2,
"Opcode"               : 0,
"Keywords"             : -9223372036854775807,
"RecordId"             : 320798,
"ProviderName"         : "Microsoft-Windows-EapHost",
"ProviderId"           : "6eb8db94-fe96-443f-a366-5fe0cee7fb1c",
"LogName"              : "Application",
"ProcessId"            : 10384,
"ThreadId"             : 11860,
"TimeCreated"          : "2/19/2019 10:50:38 AM",
"ActivityId"           : 3,
"RelatedActivityId"    : 3,
"ContainerLog"         : "application",
"MatchedQueryIds"      : "{}",
"Bookmark"             : "System.Diagnostics.Eventing.Reader.EventBookmark",
"LevelDisplayName"     : "Error",
"OpcodeDisplayName"    : "Info",
"TaskDisplayName"      : "Peer",
"KeywordsDisplayNames" : "{Registry}",
"Properties"           : "{System.Diagnostics.Eventing.Reader.EventProperty, System.Diagnostics.Eventing.Reader.EventProperty,System.Diagnostics.Eventing.Reader.EventProperty,System.Diagnostics.Eventing.Reader.EventProperty}"
},{"Message"              : "Skipping: Eap method DLL path validation failed. Error: typeId=254, authorId=311,vendorId=14122,vendorType=1",
"Id"                   : 2002,
"UserId"               : "S-1-5-18",
"MachineName"          : "LTP-O-100330.MLCORP.NET",
"Version"              : 0,
"Qualifiers"           : 3,
"Level"                : 2,
"Task"                 : 2,
"Opcode"               : 0,
"Keywords"             : -9223372036854775807,
"RecordId"             : 320798,
"ProviderName"         : "Microsoft-Windows-EapHost",
"ProviderId"           : "6eb8db94-fe96-443f-a366-5fe0cee7fb1c",
"LogName"              : "Application",
"ProcessId"            : 10384,
"ThreadId"             : 11860,
"TimeCreated"          : "2/19/2019 10:50:38 AM",
"ActivityId"           : 3,
"RelatedActivityId"    : 3,
"ContainerLog"         : "application",
"MatchedQueryIds"      : "{}",
"Bookmark"             : "System.Diagnostics.Eventing.Reader.EventBookmark",
"LevelDisplayName"     : "Error",
"OpcodeDisplayName"    : "Info",
"TaskDisplayName"      : "Peer",
"KeywordsDisplayNames" : "{Registry}",
"Properties"           : "{System.Diagnostics.Eventing.Reader.EventProperty, System.Diagnostics.Eventing.Reader.EventProperty,System.Diagnostics.Eventing.Reader.EventProperty,System.Diagnostics.Eventing.Reader.EventProperty}"
},
{"Message"              : "Skipping: Eap method DLL path validation failed. Error: typeId=254, authorId=311,vendorId=14122,vendorType=1",
"Id"                   : 2000,
"UserId"               : "S-2-5-18",
"MachineName"          : "LTA-O-100330.MLCORP.NET",
"Version"              : 0,
"Qualifiers"           : 3,
"Level"                : 2,
"Task"                 : 2,
"Opcode"               : 0,
"Keywords"             : -9223372036854775807,
"RecordId"             : 320798,
"ProviderName"         : "Microsoft-Windows-EapHost",
"ProviderId"           : "6eb8db94-fe96-443f-a366-5fe0cee7fb1c",
"LogName"              : "Application",
"ProcessId"            : 10384,
"ThreadId"             : 11860,
"TimeCreated"          : "2/19/2019 10:50:38 AM",
"ActivityId"           : 3,
"RelatedActivityId"    : 3,
"ContainerLog"         : "application",
"MatchedQueryIds"      : "{}",
"Bookmark"             : "System.Diagnostics.Eventing.Reader.EventBookmark",
"LevelDisplayName"     : "Error",
"OpcodeDisplayName"    : "Info",
"TaskDisplayName"      : "Peer",
"KeywordsDisplayNames" : "{Registry}",
"Properties"           : "{System.Diagnostics.Eventing.Reader.EventProperty, System.Diagnostics.Eventing.Reader.EventProperty,System.Diagnostics.Eventing.Reader.EventProperty,System.Diagnostics.Eventing.Reader.EventProperty}"
},
{"Message"              : "Skipping: Eap method DLL path validation failed. Error: typeId=254, authorId=311,vendorId=14122,vendorType=1",
"Id"                   : 1002,
"UserId"               : "S-1-5-10",
"MachineName"          : "LTP-O-101330.MLCORP.NET",
"Version"              : 0,
"Qualifiers"           : 3,
"Level"                : 2,
"Task"                 : 2,
"Opcode"               : 0,
"Keywords"             : -9223372036854775807,
"RecordId"             : 320798,
"ProviderName"         : "Microsoft-Windows-EapHost",
"ProviderId"           : "6eb8db94-fe96-443f-a366-5fe0cee7fb1c",
"LogName"              : "Application",
"ProcessId"            : 10384,
"ThreadId"             : 11860,
"TimeCreated"          : "2/19/2019 10:50:38 AM",
"ActivityId"           : 3,
"RelatedActivityId"    : 3,
"ContainerLog"         : "application",
"MatchedQueryIds"      : "{}",
"Bookmark"             : "System.Diagnostics.Eventing.Reader.EventBookmark",
"LevelDisplayName"     : "Error",
"OpcodeDisplayName"    : "Info",
"TaskDisplayName"      : "Peer",
"KeywordsDisplayNames" : "{Registry}",
"Properties"           : "{System.Diagnostics.Eventing.Reader.EventProperty, System.Diagnostics.Eventing.Reader.EventProperty,System.Diagnostics.Eventing.Reader.EventProperty,System.Diagnostics.Eventing.Reader.EventProperty}"
},
{"Message"              : "Skipping: Eap method DLL path validation failed. Error: typeId=254, authorId=311,vendorId=14122,vendorType=1",
"Id"                   : 1001,
"UserId"               : "S-1-1-11",
"MachineName"          : "LTP-O-111111.MLCORP.NET",
"Version"              : 0,
"Qualifiers"           : 3,
"Level"                : 2,
"Task"                 : 2,
"Opcode"               : 0,
"Keywords"             : -9223372036854775807,
"RecordId"             : 320798,
"ProviderName"         : "Microsoft-Windows-EapHost",
"ProviderId"           : "6eb8db94-fe96-443f-a366-5fe0cee7fb1c",
"LogName"              : "Application",
"ProcessId"            : 10384,
"ThreadId"             : 11860,
"TimeCreated"          : "2/19/2019 10:50:38 AM",
"ActivityId"           : 3,
"RelatedActivityId"    : 3,
"ContainerLog"         : "application",
"MatchedQueryIds"      : "{}",
"Bookmark"             : "System.Diagnostics.Eventing.Reader.EventBookmark",
"LevelDisplayName"     : "Error",
"OpcodeDisplayName"    : "Info",
"TaskDisplayName"      : "Peer",
"KeywordsDisplayNames" : "{Registry}",
"Properties"           : "{System.Diagnostics.Eventing.Reader.EventProperty, System.Diagnostics.Eventing.Reader.EventProperty,System.Diagnostics.Eventing.Reader.EventProperty,System.Diagnostics.Eventing.Reader.EventProperty}"
},
{"Message"              : "Skipping: Eap method DLL path validation failed. Error: typeId=254, authorId=311,vendorId=14122,vendorType=1",
"Id"                   : 1001,
"UserId"               : "S-1-1-11",
"MachineName"          : "LTP-O-111111.MLCORP.NET",
"Version"              : 0,
"Qualifiers"           : 3,
"Level"                : 2,
"Task"                 : 2,
"Opcode"               : 0,
"Keywords"             : -9223372036854775807,
"RecordId"             : 320798,
"ProviderName"         : "Microsoft-Windows-EapHost",
"ProviderId"           : "6eb8db94-fe96-443f-a366-5fe0cee7fb1c",
"LogName"              : "Application",
"ProcessId"            : 10384,
"ThreadId"             : 11860,
"TimeCreated"          : "2/19/2019 10:50:38 AM",
"ActivityId"           : 3,
"RelatedActivityId"    : 3,
"ContainerLog"         : "application",
"MatchedQueryIds"      : "{}",
"Bookmark"             : "System.Diagnostics.Eventing.Reader.EventBookmark",
"LevelDisplayName"     : "Error",
"OpcodeDisplayName"    : "Info",
"TaskDisplayName"      : "Peer",
"KeywordsDisplayNames" : "{Registry}",
"Properties"           : "{System.Diagnostics.Eventing.Reader.EventProperty, System.Diagnostics.Eventing.Reader.EventProperty,System.Diagnostics.Eventing.Reader.EventProperty,System.Diagnostics.Eventing.Reader.EventProperty}"
},{"Message"              : "Skipping: Eap method DLL path validation failed. Error: typeId=254, authorId=311,vendorId=14122,vendorType=1",
"Id"                   : 2002,
"UserId"               : "S-1-5-18",
"MachineName"          : "LTP-O-100330.MLCORP.NET",
"Version"              : 0,
"Qualifiers"           : 3,
"Level"                : 2,
"Task"                 : 2,
"Opcode"               : 0,
"Keywords"             : -9223372036854775807,
"RecordId"             : 320798,
"ProviderName"         : "Microsoft-Windows-EapHost",
"ProviderId"           : "6eb8db94-fe96-443f-a366-5fe0cee7fb1c",
"LogName"              : "Application",
"ProcessId"            : 10384,
"ThreadId"             : 11860,
"TimeCreated"          : "2/19/2019 10:50:38 AM",
"ActivityId"           : 3,
"RelatedActivityId"    : 3,
"ContainerLog"         : "application",
"MatchedQueryIds"      : "{}",
"Bookmark"             : "System.Diagnostics.Eventing.Reader.EventBookmark",
"LevelDisplayName"     : "Error",
"OpcodeDisplayName"    : "Info",
"TaskDisplayName"      : "Peer",
"KeywordsDisplayNames" : "{Registry}",
"Properties"           : "{System.Diagnostics.Eventing.Reader.EventProperty, System.Diagnostics.Eventing.Reader.EventProperty,System.Diagnostics.Eventing.Reader.EventProperty,System.Diagnostics.Eventing.Reader.EventProperty}"
},
{"Message"              : "Skipping: Eap method DLL path validation failed. Error: typeId=254, authorId=311,vendorId=14122,vendorType=1",
"Id"                   : 2000,
"UserId"               : "S-2-5-18",
"MachineName"          : "LTA-O-100330.MLCORP.NET",
"Version"              : 0,
"Qualifiers"           : 3,
"Level"                : 2,
"Task"                 : 2,
"Opcode"               : 0,
"Keywords"             : -9223372036854775807,
"RecordId"             : 320798,
"ProviderName"         : "Microsoft-Windows-EapHost",
"ProviderId"           : "6eb8db94-fe96-443f-a366-5fe0cee7fb1c",
"LogName"              : "Application",
"ProcessId"            : 10384,
"ThreadId"             : 11860,
"TimeCreated"          : "2/19/2019 10:50:38 AM",
"ActivityId"           : 3,
"RelatedActivityId"    : 3,
"ContainerLog"         : "application",
"MatchedQueryIds"      : "{}",
"Bookmark"             : "System.Diagnostics.Eventing.Reader.EventBookmark",
"LevelDisplayName"     : "Error",
"OpcodeDisplayName"    : "Info",
"TaskDisplayName"      : "Peer",
"KeywordsDisplayNames" : "{Registry}",
"Properties"           : "{System.Diagnostics.Eventing.Reader.EventProperty, System.Diagnostics.Eventing.Reader.EventProperty,System.Diagnostics.Eventing.Reader.EventProperty,System.Diagnostics.Eventing.Reader.EventProperty}"
},
{"Message"              : "Skipping: Eap method DLL path validation failed. Error: typeId=254, authorId=311,vendorId=14122,vendorType=1",
"Id"                   : 1002,
"UserId"               : "S-1-5-10",
"MachineName"          : "LTP-O-101330.MLCORP.NET",
"Version"              : 0,
"Qualifiers"           : 3,
"Level"                : 2,
"Task"                 : 2,
"Opcode"               : 0,
"Keywords"             : -9223372036854775807,
"RecordId"             : 320798,
"ProviderName"         : "Microsoft-Windows-EapHost",
"ProviderId"           : "6eb8db94-fe96-443f-a366-5fe0cee7fb1c",
"LogName"              : "Application",
"ProcessId"            : 10384,
"ThreadId"             : 11860,
"TimeCreated"          : "2/19/2019 10:50:38 AM",
"ActivityId"           : 3,
"RelatedActivityId"    : 3,
"ContainerLog"         : "application",
"MatchedQueryIds"      : "{}",
"Bookmark"             : "System.Diagnostics.Eventing.Reader.EventBookmark",
"LevelDisplayName"     : "Error",
"OpcodeDisplayName"    : "Info",
"TaskDisplayName"      : "Peer",
"KeywordsDisplayNames" : "{Registry}",
"Properties"           : "{System.Diagnostics.Eventing.Reader.EventProperty, System.Diagnostics.Eventing.Reader.EventProperty,System.Diagnostics.Eventing.Reader.EventProperty,System.Diagnostics.Eventing.Reader.EventProperty}"
}
]
